SeekArc_library/build/outputs/logs/manifest-merger-debug-report.txt
-- Merging decision tree log ---
manifest
ADDED from PDA_app\SeekArc_library\AndroidManifest.xml:24:1-37:12
INJECTED from PDA_app\SeekArc_library\AndroidManifest.xml:24:1-37:12
INJECTED from PDA_app\SeekArc_library\AndroidManifest.xml:24:1-37:12
INJECTED from PDA_app\SeekArc_library\AndroidManifest.xml:24:1-37:12
INJECTED from PDA_app\SeekArc_library\AndroidManifest.xml:24:1-37:12
INJECTED from PDA_app\SeekArc_library\AndroidManifest.xml:24:1-37:12
INJECTED from PDA_app\SeekArc_library\AndroidManifest.xml:24:1-37:12
	package
		ADDED from PDA_app\SeekArc_library\AndroidManifest.xml:25:5-38
		INJECTED from PDA_app\SeekArc_library\AndroidManifest.xml
		INJECTED from PDA_app\SeekArc_library\AndroidManifest.xml
	android:versionName
		ADDED from PDA_app\SeekArc_library\AndroidManifest.xml:27:5-30
		INJECTED from PDA_app\SeekArc_library\AndroidManifest.xml
		INJECTED from PDA_app\SeekArc_library\AndroidManifest.xml
	xmlns:android
		ADDED from PDA_app\SeekArc_library\AndroidManifest.xml:24:11-69
	android:versionCode
		ADDED from PDA_app\SeekArc_library\AndroidManifest.xml:26:5-28
		INJECTED from PDA_app\SeekArc_library\AndroidManifest.xml
		INJECTED from PDA_app\SeekArc_library\AndroidManifest.xml
uses-sdk
ADDED from PDA_app\SeekArc_library\AndroidManifest.xml:29:5-31:41
INJECTED from PDA_app\SeekArc_library\AndroidManifest.xml:29:5-31:41
INJECTED from PDA_app\SeekArc_library\AndroidManifest.xml:29:5-31:41
INJECTED from PDA_app\SeekArc_library\AndroidManifest.xml:29:5-31:41
INJECTED from PDA_app\SeekArc_library\AndroidManifest.xml:29:5-31:41
	android:targetSdkVersion
		ADDED from PDA_app\SeekArc_library\AndroidManifest.xml:31:9-38
		INJECTED from PDA_app\SeekArc_library\AndroidManifest.xml
		INJECTED from PDA_app\SeekArc_library\AndroidManifest.xml
	android:minSdkVersion
		ADDED from PDA_app\SeekArc_library\AndroidManifest.xml:30:9-34
		INJECTED from PDA_app\SeekArc_library\AndroidManifest.xml
		INJECTED from PDA_app\SeekArc_library\AndroidManifest.xml
application
ADDED from PDA_app\SeekArc_library\AndroidManifest.xml:33:5-35:44
	android:label
		ADDED from PDA_app\SeekArc_library\AndroidManifest.xml:35:9-41
	android:allowBackup
		ADDED from PDA_app\SeekArc_library\AndroidManifest.xml:34:9-35